<?xml version="1.0" encoding="UTF-8"?><testrun name="BMICalculatorTest" project="HealthyCoderApp" tests="11" started="11" failures="0" errors="1" ignored="0">
  <testsuite name="com.healthycoderapp.BMICalculatorTest" time="0.204" displayname="BMICalculatorTest" uniqueid="[engine:junit-jupiter]/[class:com.healthycoderapp.BMICalculatorTest]">
    <testcase name="should_ReturnNullWorstHitBMI_When_Coder_ListNotEmpty" classname="com.healthycoderapp.BMICalculatorTest" time="0.062" displayname="should_ReturnNullWorstHitBMI_When_Coder_ListNotEmpty()" uniqueid="[engine:junit-jupiter]/[class:com.healthycoderapp.BMICalculatorTest]/[method:should_ReturnNullWorstHitBMI_When_Coder_ListNotEmpty()]"/>
    <testsuite name="should_ReturnTrue_when_DietRecommended(com.healthycoderapp.BMICalculatorTest)" time="0.052" displayname="should_ReturnTrue_when_DietRecommended(Double)" parameters="java.lang.Double" uniqueid="[engine:junit-jupiter]/[class:com.healthycoderapp.BMICalculatorTest]/[test-template:should_ReturnTrue_when_DietRecommended(java.lang.Double)]">
      <testcase name="should_ReturnTrue_when_DietRecommended" classname="com.healthycoderapp.BMICalculatorTest" time="0.052" dynamicTest="true" displayname="[1] 89.0" parameters="java.lang.Double" uniqueid="[engine:junit-jupiter]/[class:com.healthycoderapp.BMICalculatorTest]/[test-template:should_ReturnTrue_when_DietRecommended(java.lang.Double)]/[test-template-invocation:#1]"/>
      <testcase name="should_ReturnTrue_when_DietRecommended" classname="com.healthycoderapp.BMICalculatorTest" time="0.003" dynamicTest="true" displayname="[2] 95.0" parameters="java.lang.Double" uniqueid="[engine:junit-jupiter]/[class:com.healthycoderapp.BMICalculatorTest]/[test-template:should_ReturnTrue_when_DietRecommended(java.lang.Double)]/[test-template-invocation:#2]"/>
      <testcase name="should_ReturnTrue_when_DietRecommended" classname="com.healthycoderapp.BMICalculatorTest" time="0.003" dynamicTest="true" displayname="[3] 110.0" parameters="java.lang.Double" uniqueid="[engine:junit-jupiter]/[class:com.healthycoderapp.BMICalculatorTest]/[test-template:should_ReturnTrue_when_DietRecommended(java.lang.Double)]/[test-template-invocation:#3]"/>
    </testsuite>
    <testcase name="should_Return_CorrectBMIScoreArray_When_CoderListNotEmpty" classname="com.healthycoderapp.BMICalculatorTest" time="0.005" displayname="should_Return_CorrectBMIScoreArray_When_CoderListNotEmpty()" uniqueid="[engine:junit-jupiter]/[class:com.healthycoderapp.BMICalculatorTest]/[method:should_Return_CorrectBMIScoreArray_When_CoderListNotEmpty()]"/>
    <testcase name="should_ThrowArithmeticException_When_HeightZero" classname="com.healthycoderapp.BMICalculatorTest" time="0.005" displayname="should_ThrowArithmeticException_When_HeightZero()" uniqueid="[engine:junit-jupiter]/[class:com.healthycoderapp.BMICalculatorTest]/[method:should_ThrowArithmeticException_When_HeightZero()]"/>
    <testcase name="should_ReturnCodeWithWorstHitBMI_When_Coder_ListNotEmpty" classname="com.healthycoderapp.BMICalculatorTest" time="0.006" displayname="should_ReturnCodeWithWorstHitBMI_When_Coder_ListNotEmpty()" uniqueid="[engine:junit-jupiter]/[class:com.healthycoderapp.BMICalculatorTest]/[method:should_ReturnCodeWithWorstHitBMI_When_Coder_ListNotEmpty()]"/>
    <testcase name="should_ReturnFalse_when_DietRecommended" classname="com.healthycoderapp.BMICalculatorTest" time="0.047" displayname="should_ReturnFalse_when_DietRecommended()" uniqueid="[engine:junit-jupiter]/[class:com.healthycoderapp.BMICalculatorTest]/[method:should_ReturnFalse_when_DietRecommended()]"/>
    <testsuite name="should_ReturnTrue_when_DietRecommendedwithSheet(com.healthycoderapp.BMICalculatorTest)" incomplete="true" displayname="should_ReturnTrue_when_DietRecommendedwithSheet(Double, Double)" parameters="java.lang.Double,java.lang.Double" uniqueid="[engine:junit-jupiter]/[class:com.healthycoderapp.BMICalculatorTest]/[test-template:should_ReturnTrue_when_DietRecommendedwithSheet(java.lang.Double, java.lang.Double)]">
      <error>org.junit.platform.commons.PreconditionViolationException: Classpath resource [/diet-recommended-input-data] does not exist&#13;
	at org.junit.platform.commons.util.Preconditions.condition(Preconditions.java:296)&#13;
	at org.junit.platform.commons.util.Preconditions.notNull(Preconditions.java:68)&#13;
	at org.junit.jupiter.params.provider.CsvFileArgumentsProvider.openInputStream(CsvFileArgumentsProvider.java:88)&#13;
	at org.junit.jupiter.params.provider.CsvFileArgumentsProvider.lambda$provideArguments$0(CsvFileArgumentsProvider.java:79)&#13;
	at java.base/java.util.stream.ReferencePipeline$3$1.accept(ReferencePipeline.java:195)&#13;
	at java.base/java.util.Spliterators$ArraySpliterator.forEachRemaining(Spliterators.java:948)&#13;
	at java.base/java.util.stream.AbstractPipeline.copyInto(AbstractPipeline.java:484)&#13;
	at java.base/java.util.stream.AbstractPipeline.wrapAndCopyInto(AbstractPipeline.java:474)&#13;
	at java.base/java.util.stream.ForEachOps$ForEachOp.evaluateSequential(ForEachOps.java:150)&#13;
	at java.base/java.util.stream.ForEachOps$ForEachOp$OfRef.evaluateSequential(ForEachOps.java:173)&#13;
	at java.base/java.util.stream.AbstractPipeline.evaluate(AbstractPipeline.java:234)&#13;
	at java.base/java.util.stream.ReferencePipeline.forEach(ReferencePipeline.java:497)&#13;
	at java.base/java.util.stream.ReferencePipeline$7$1.accept(ReferencePipeline.java:274)&#13;
	at java.base/java.util.stream.ReferencePipeline$3$1.accept(ReferencePipeline.java:195)&#13;
	at java.base/java.util.stream.ReferencePipeline$3$1.accept(ReferencePipeline.java:195)&#13;
	at java.base/java.util.stream.ReferencePipeline$3$1.accept(ReferencePipeline.java:195)&#13;
	at java.base/java.util.ArrayList$ArrayListSpliterator.forEachRemaining(ArrayList.java:1625)&#13;
	at java.base/java.util.stream.AbstractPipeline.copyInto(AbstractPipeline.java:484)&#13;
	at java.base/java.util.stream.AbstractPipeline.wrapAndCopyInto(AbstractPipeline.java:474)&#13;
	at java.base/java.util.stream.ForEachOps$ForEachOp.evaluateSequential(ForEachOps.java:150)&#13;
	at java.base/java.util.stream.ForEachOps$ForEachOp$OfRef.evaluateSequential(ForEachOps.java:173)&#13;
	at java.base/java.util.stream.AbstractPipeline.evaluate(AbstractPipeline.java:234)&#13;
	at java.base/java.util.stream.ReferencePipeline.forEach(ReferencePipeline.java:497)&#13;
	at java.base/java.util.stream.ReferencePipeline$7$1.accept(ReferencePipeline.java:274)&#13;
	at java.base/java.util.ArrayList$ArrayListSpliterator.forEachRemaining(ArrayList.java:1625)&#13;
	at java.base/java.util.stream.AbstractPipeline.copyInto(AbstractPipeline.java:484)&#13;
	at java.base/java.util.stream.AbstractPipeline.wrapAndCopyInto(AbstractPipeline.java:474)&#13;
	at java.base/java.util.stream.ForEachOps$ForEachOp.evaluateSequential(ForEachOps.java:150)&#13;
	at java.base/java.util.stream.ForEachOps$ForEachOp$OfRef.evaluateSequential(ForEachOps.java:173)&#13;
	at java.base/java.util.stream.AbstractPipeline.evaluate(AbstractPipeline.java:234)&#13;
	at java.base/java.util.stream.ReferencePipeline.forEach(ReferencePipeline.java:497)&#13;
	at org.junit.jupiter.engine.descriptor.TestTemplateTestDescriptor.execute(TestTemplateTestDescriptor.java:106)&#13;
	at org.junit.jupiter.engine.descriptor.TestTemplateTestDescriptor.execute(TestTemplateTestDescriptor.java:41)&#13;
	at org.junit.platform.engine.support.hierarchical.NodeTestTask.lambda$executeRecursively$5(NodeTestTask.java:135)&#13;
	at org.junit.platform.engine.support.hierarchical.ThrowableCollector.execute(ThrowableCollector.java:73)&#13;
	at org.junit.platform.engine.support.hierarchical.NodeTestTask.lambda$executeRecursively$7(NodeTestTask.java:125)&#13;
	at org.junit.platform.engine.support.hierarchical.Node.around(Node.java:135)&#13;
	at org.junit.platform.engine.support.hierarchical.NodeTestTask.lambda$executeRecursively$8(NodeTestTask.java:123)&#13;
	at org.junit.platform.engine.support.hierarchical.ThrowableCollector.execute(ThrowableCollector.java:73)&#13;
	at org.junit.platform.engine.support.hierarchical.NodeTestTask.executeRecursively(NodeTestTask.java:122)&#13;
	at org.junit.platform.engine.support.hierarchical.NodeTestTask.execute(NodeTestTask.java:80)&#13;
	at java.base/java.util.ArrayList.forEach(ArrayList.java:1511)&#13;
	at org.junit.platform.engine.support.hierarchical.SameThreadHierarchicalTestExecutorService.invokeAll(SameThreadHierarchicalTestExecutorService.java:38)&#13;
	at org.junit.platform.engine.support.hierarchical.NodeTestTask.lambda$executeRecursively$5(NodeTestTask.java:139)&#13;
	at org.junit.platform.engine.support.hierarchical.ThrowableCollector.execute(ThrowableCollector.java:73)&#13;
	at org.junit.platform.engine.support.hierarchical.NodeTestTask.lambda$executeRecursively$7(NodeTestTask.java:125)&#13;
	at org.junit.platform.engine.support.hierarchical.Node.around(Node.java:135)&#13;
	at org.junit.platform.engine.support.hierarchical.NodeTestTask.lambda$executeRecursively$8(NodeTestTask.java:123)&#13;
	at org.junit.platform.engine.support.hierarchical.ThrowableCollector.execute(ThrowableCollector.java:73)&#13;
	at org.junit.platform.engine.support.hierarchical.NodeTestTask.executeRecursively(NodeTestTask.java:122)&#13;
	at org.junit.platform.engine.support.hierarchical.NodeTestTask.execute(NodeTestTask.java:80)&#13;
	at java.base/java.util.ArrayList.forEach(ArrayList.java:1511)&#13;
	at org.junit.platform.engine.support.hierarchical.SameThreadHierarchicalTestExecutorService.invokeAll(SameThreadHierarchicalTestExecutorService.java:38)&#13;
	at org.junit.platform.engine.support.hierarchical.NodeTestTask.lambda$executeRecursively$5(NodeTestTask.java:139)&#13;
	at org.junit.platform.engine.support.hierarchical.ThrowableCollector.execute(ThrowableCollector.java:73)&#13;
	at org.junit.platform.engine.support.hierarchical.NodeTestTask.lambda$executeRecursively$7(NodeTestTask.java:125)&#13;
	at org.junit.platform.engine.support.hierarchical.Node.around(Node.java:135)&#13;
	at org.junit.platform.engine.support.hierarchical.NodeTestTask.lambda$executeRecursively$8(NodeTestTask.java:123)&#13;
	at org.junit.platform.engine.support.hierarchical.ThrowableCollector.execute(ThrowableCollector.java:73)&#13;
	at org.junit.platform.engine.support.hierarchical.NodeTestTask.executeRecursively(NodeTestTask.java:122)&#13;
	at org.junit.platform.engine.support.hierarchical.NodeTestTask.execute(NodeTestTask.java:80)&#13;
	at org.junit.platform.engine.support.hierarchical.SameThreadHierarchicalTestExecutorService.submit(SameThreadHierarchicalTestExecutorService.java:32)&#13;
	at org.junit.platform.engine.support.hierarchical.HierarchicalTestExecutor.execute(HierarchicalTestExecutor.java:57)&#13;
	at org.junit.platform.engine.support.hierarchical.HierarchicalTestEngine.execute(HierarchicalTestEngine.java:51)&#13;
	at org.junit.platform.launcher.core.DefaultLauncher.execute(DefaultLauncher.java:248)&#13;
	at org.junit.platform.launcher.core.DefaultLauncher.lambda$execute$5(DefaultLauncher.java:211)&#13;
	at org.junit.platform.launcher.core.DefaultLauncher.withInterceptedStreams(DefaultLauncher.java:226)&#13;
	at org.junit.platform.launcher.core.DefaultLauncher.execute(DefaultLauncher.java:199)&#13;
	at org.junit.platform.launcher.core.DefaultLauncher.execute(DefaultLauncher.java:141)&#13;
	at org.eclipse.jdt.internal.junit5.runner.JUnit5TestReference.run(JUnit5TestReference.java:98)&#13;
	at org.eclipse.jdt.internal.junit.runner.TestExecution.run(TestExecution.java:41)&#13;
	at org.eclipse.jdt.internal.junit.runner.RemoteTestRunner.runTests(RemoteTestRunner.java:542)&#13;
	at org.eclipse.jdt.internal.junit.runner.RemoteTestRunner.runTests(RemoteTestRunner.java:770)&#13;
	at org.eclipse.jdt.internal.junit.runner.RemoteTestRunner.run(RemoteTestRunner.java:464)&#13;
	at org.eclipse.jdt.internal.junit.runner.RemoteTestRunner.main(RemoteTestRunner.java:210)&#13;
	Suppressed: org.junit.platform.commons.PreconditionViolationException: Configuration error: You must configure at least one set of arguments for this @ParameterizedTest&#13;
		at org.junit.platform.commons.util.Preconditions.condition(Preconditions.java:281)&#13;
		at org.junit.jupiter.params.ParameterizedTestExtension.lambda$provideTestTemplateInvocationContexts$6(ParameterizedTestExtension.java:90)&#13;
		at java.base/java.util.stream.AbstractPipeline.close(AbstractPipeline.java:323)&#13;
		at java.base/java.util.stream.ReferencePipeline$7$1.accept(ReferencePipeline.java:271)&#13;
		... 51 more&#13;
&#13;
</error>
    </testsuite>
    <testsuite name="should_ReturnTrue_when_DietRecommended_copy(com.healthycoderapp.BMICalculatorTest)" time="0.004" displayname="should_ReturnTrue_when_DietRecommended_copy(Double, Double)" parameters="java.lang.Double,java.lang.Double" uniqueid="[engine:junit-jupiter]/[class:com.healthycoderapp.BMICalculatorTest]/[test-template:should_ReturnTrue_when_DietRecommended_copy(java.lang.Double, java.lang.Double)]">
      <testcase name="should_ReturnTrue_when_DietRecommended_copy" classname="com.healthycoderapp.BMICalculatorTest" time="0.004" dynamicTest="true" displayname="weight=89.0, height=1.72" parameters="java.lang.Double,java.lang.Double" uniqueid="[engine:junit-jupiter]/[class:com.healthycoderapp.BMICalculatorTest]/[test-template:should_ReturnTrue_when_DietRecommended_copy(java.lang.Double, java.lang.Double)]/[test-template-invocation:#1]"/>
      <testcase name="should_ReturnTrue_when_DietRecommended_copy" classname="com.healthycoderapp.BMICalculatorTest" time="0.003" dynamicTest="true" displayname="weight=95.0, height=1.75" parameters="java.lang.Double,java.lang.Double" uniqueid="[engine:junit-jupiter]/[class:com.healthycoderapp.BMICalculatorTest]/[test-template:should_ReturnTrue_when_DietRecommended_copy(java.lang.Double, java.lang.Double)]/[test-template-invocation:#2]"/>
      <testcase name="should_ReturnTrue_when_DietRecommended_copy" classname="com.healthycoderapp.BMICalculatorTest" time="0.009" dynamicTest="true" displayname="weight=110.0, height=1.78" parameters="java.lang.Double,java.lang.Double" uniqueid="[engine:junit-jupiter]/[class:com.healthycoderapp.BMICalculatorTest]/[test-template:should_ReturnTrue_when_DietRecommended_copy(java.lang.Double, java.lang.Double)]/[test-template-invocation:#3]"/>
    </testsuite>
  </testsuite>
</testrun>
